<?xml version="1.0" encoding="UTF-8"?>
<testng-results ignored="0" total="8" passed="8" failed="0" skipped="0">
  <reporter-output>
  </reporter-output>
  <suite started-at="2022-10-20T06:03:58Z" name="bookingJSV1" finished-at="2022-10-20T06:05:04Z" duration-ms="65669">
    <groups>
    </groups>
    <test started-at="2022-10-20T06:03:58Z" name="BookingApp Test" finished-at="2022-10-20T06:05:04Z" duration-ms="65669">
      <class name="com.bookingJS.testCases.TC_DetailsHotelTest_003">
        <test-method is-config="true" signature="setup(java.lang.String)[pri:0, instance:com.bookingJS.testCases.TC_DetailsHotelTest_003@55536d9e]" started-at="2022-10-20T06:05:03Z" name="setup" finished-at="2022-10-20T06:05:04Z" duration-ms="1300" status="PASS">
          <params>
            <param index="0">
              <value>
                <![CDATA[chrome]]>
              </value>
            </param>
          </params>
          <reporter-output>
          </reporter-output>
        </test-method> <!-- setup -->
        <test-method signature="detailOfHotel()[pri:0, instance:com.bookingJS.testCases.TC_DetailsHotelTest_003@55536d9e]" started-at="2022-10-20T06:05:04Z" name="detailOfHotel" finished-at="2022-10-20T06:05:04Z" duration-ms="0" status="PASS">
          <reporter-output>
          </reporter-output>
        </test-method> <!-- detailOfHotel -->
      </class> <!-- com.bookingJS.testCases.TC_DetailsHotelTest_003 -->
      <class name="com.bookingJS.testCases.TC_SearchTest_001">
        <test-method is-config="true" signature="setup(java.lang.String)[pri:0, instance:com.bookingJS.testCases.TC_SearchTest_001@3e6ef8ad]" started-at="2022-10-20T06:03:59Z" name="setup" finished-at="2022-10-20T06:04:04Z" duration-ms="5478" status="PASS">
          <params>
            <param index="0">
              <value>
                <![CDATA[chrome]]>
              </value>
            </param>
          </params>
          <reporter-output>
          </reporter-output>
        </test-method> <!-- setup -->
        <test-method signature="loginTest(java.lang.String, java.lang.String, java.lang.String, java.lang.String)[pri:0, instance:com.bookingJS.testCases.TC_SearchTest_001@3e6ef8ad]" started-at="2022-10-20T06:04:06Z" name="loginTest" data-provider="hotels" finished-at="2022-10-20T06:04:23Z" duration-ms="16317" status="PASS">
          <params>
            <param index="0">
              <value>
                <![CDATA[1098020]]>
              </value>
            </param>
            <param index="1">
              <value>
                <![CDATA[Roda Amwaj Suites Jumeirah Beach Residence]]>
              </value>
            </param>
            <param index="2">
              <value>
                <![CDATA[Dubai]]>
              </value>
            </param>
            <param index="3">
              <value>
                <![CDATA[The Walk]]>
              </value>
            </param>
          </params>
          <reporter-output>
          </reporter-output>
        </test-method> <!-- loginTest -->
        <test-method signature="loginTest(java.lang.String, java.lang.String, java.lang.String, java.lang.String)[pri:0, instance:com.bookingJS.testCases.TC_SearchTest_001@3e6ef8ad]" started-at="2022-10-20T06:04:23Z" name="loginTest" data-provider="hotels" finished-at="2022-10-20T06:04:28Z" duration-ms="5802" status="PASS">
          <params>
            <param index="0">
              <value>
                <![CDATA[412338]]>
              </value>
            </param>
            <param index="1">
              <value>
                <![CDATA[Ramada Plaza Jumeirah Beach]]>
              </value>
            </param>
            <param index="2">
              <value>
                <![CDATA[Dubai]]>
              </value>
            </param>
            <param index="3">
              <value>
                <![CDATA[Bahar 7]]>
              </value>
            </param>
          </params>
          <reporter-output>
          </reporter-output>
        </test-method> <!-- loginTest -->
        <test-method signature="loginTest(java.lang.String, java.lang.String, java.lang.String, java.lang.String)[pri:0, instance:com.bookingJS.testCases.TC_SearchTest_001@3e6ef8ad]" started-at="2022-10-20T06:04:28Z" name="loginTest" data-provider="hotels" finished-at="2022-10-20T06:04:44Z" duration-ms="15741" status="PASS">
          <params>
            <param index="0">
              <value>
                <![CDATA[179356]]>
              </value>
            </param>
            <param index="1">
              <value>
                <![CDATA[Meriton Suites Kent Street]]>
              </value>
            </param>
            <param index="2">
              <value>
                <![CDATA[Sydney]]>
              </value>
            </param>
            <param index="3">
              <value>
                <![CDATA[528 Kent Street]]>
              </value>
            </param>
          </params>
          <reporter-output>
          </reporter-output>
        </test-method> <!-- loginTest -->
        <test-method signature="loginTest(java.lang.String, java.lang.String, java.lang.String, java.lang.String)[pri:0, instance:com.bookingJS.testCases.TC_SearchTest_001@3e6ef8ad]" started-at="2022-10-20T06:04:44Z" name="loginTest" data-provider="hotels" finished-at="2022-10-20T06:04:50Z" duration-ms="5783" status="PASS">
          <params>
            <param index="0">
              <value>
                <![CDATA[2356868]]>
              </value>
            </param>
            <param index="1">
              <value>
                <![CDATA[Marlin Waterloo]]>
              </value>
            </param>
            <param index="2">
              <value>
                <![CDATA[London]]>
              </value>
            </param>
            <param index="3">
              <value>
                <![CDATA[111 Westminster Bridge Road]]>
              </value>
            </param>
          </params>
          <reporter-output>
          </reporter-output>
        </test-method> <!-- loginTest -->
        <test-method signature="loginTest(java.lang.String, java.lang.String, java.lang.String, java.lang.String)[pri:0, instance:com.bookingJS.testCases.TC_SearchTest_001@3e6ef8ad]" started-at="2022-10-20T06:04:50Z" name="loginTest" data-provider="hotels" finished-at="2022-10-20T06:04:56Z" duration-ms="5810" status="PASS">
          <params>
            <param index="0">
              <value>
                <![CDATA[1374533]]>
              </value>
            </param>
            <param index="1">
              <value>
                <![CDATA[Hyatt Regency Creek Heights Residences]]>
              </value>
            </param>
            <param index="2">
              <value>
                <![CDATA[Dubai]]>
              </value>
            </param>
            <param index="3">
              <value>
                <![CDATA[Dubai Healthcare City]]>
              </value>
            </param>
          </params>
          <reporter-output>
          </reporter-output>
        </test-method> <!-- loginTest -->
        <test-method signature="loginTest(java.lang.String, java.lang.String, java.lang.String, java.lang.String)[pri:0, instance:com.bookingJS.testCases.TC_SearchTest_001@3e6ef8ad]" started-at="2022-10-20T06:04:56Z" name="loginTest" data-provider="hotels" finished-at="2022-10-20T06:05:02Z" duration-ms="5892" status="PASS">
          <params>
            <param index="0">
              <value>
                <![CDATA[123456]]>
              </value>
            </param>
            <param index="1">
              <value>
                <![CDATA[Leonardo]]>
              </value>
            </param>
            <param index="2">
              <value>
                <![CDATA[tel aviv]]>
              </value>
            </param>
            <param index="3">
              <value>
                <![CDATA[156 Hayarkon Street, Tel Aviv, 63451 ]]>
              </value>
            </param>
          </params>
          <reporter-output>
          </reporter-output>
        </test-method> <!-- loginTest -->
      </class> <!-- com.bookingJS.testCases.TC_SearchTest_001 -->
      <class name="com.bookingJS.testCases.TC_HotelTest_002">
        <test-method is-config="true" signature="setup(java.lang.String)[pri:0, instance:com.bookingJS.testCases.TC_HotelTest_002@346d61be]" started-at="2022-10-20T06:05:02Z" name="setup" finished-at="2022-10-20T06:05:03Z" duration-ms="1093" status="PASS">
          <params>
            <param index="0">
              <value>
                <![CDATA[chrome]]>
              </value>
            </param>
          </params>
          <reporter-output>
          </reporter-output>
        </test-method> <!-- setup -->
        <test-method signature="hotel()[pri:0, instance:com.bookingJS.testCases.TC_HotelTest_002@346d61be]" started-at="2022-10-20T06:05:03Z" name="hotel" finished-at="2022-10-20T06:05:03Z" duration-ms="2" status="PASS">
          <reporter-output>
          </reporter-output>
        </test-method> <!-- hotel -->
      </class> <!-- com.bookingJS.testCases.TC_HotelTest_002 -->
    </test> <!-- BookingApp Test -->
  </suite> <!-- bookingJSV1 -->
</testng-results>
