<?xml version="1.0" encoding="UTF-8"?>
<testng-results ignored="0" total="8" passed="8" failed="0" skipped="0">
  <reporter-output>
  </reporter-output>
  <suite started-at="2022-10-15T10:45:19Z" name="bookingJSV1" finished-at="2022-10-15T10:50:26Z" duration-ms="306327">
    <groups>
    </groups>
    <test started-at="2022-10-15T10:45:19Z" name="BookingApp Test" finished-at="2022-10-15T10:50:26Z" duration-ms="306327">
      <class name="com.bookingJS.testCases.TC_DetailsHotelTest_003">
        <test-method is-config="true" signature="setup(java.lang.String)[pri:0, instance:com.bookingJS.testCases.TC_DetailsHotelTest_003@55536d9e]" started-at="2022-10-15T10:48:35Z" name="setup" finished-at="2022-10-15T10:48:36Z" duration-ms="1217" status="PASS">
          <params>
            <param index="0">
              <value>
                <![CDATA[chrome]]>
              </value>
            </param>
          </params>
          <reporter-output>
          </reporter-output>
        </test-method> <!-- setup -->
        <test-method signature="detailsHotel()[pri:0, instance:com.bookingJS.testCases.TC_DetailsHotelTest_003@55536d9e]" started-at="2022-10-15T10:48:36Z" name="detailsHotel" finished-at="2022-10-15T10:50:26Z" duration-ms="109144" status="PASS">
          <reporter-output>
          </reporter-output>
        </test-method> <!-- detailsHotel -->
      </class> <!-- com.bookingJS.testCases.TC_DetailsHotelTest_003 -->
      <class name="com.bookingJS.testCases.TC_SearchTest_001">
        <test-method is-config="true" signature="setup(java.lang.String)[pri:0, instance:com.bookingJS.testCases.TC_SearchTest_001@3e6ef8ad]" started-at="2022-10-15T10:45:20Z" name="setup" finished-at="2022-10-15T10:45:23Z" duration-ms="3158" status="PASS">
          <params>
            <param index="0">
              <value>
                <![CDATA[chrome]]>
              </value>
            </param>
          </params>
          <reporter-output>
          </reporter-output>
        </test-method> <!-- setup -->
        <test-method signature="loginTest(java.lang.String, java.lang.String, java.lang.String, java.lang.String)[pri:0, instance:com.bookingJS.testCases.TC_SearchTest_001@3e6ef8ad]" started-at="2022-10-15T10:45:25Z" name="loginTest" data-provider="hotels" finished-at="2022-10-15T10:45:34Z" duration-ms="8093" status="PASS">
          <params>
            <param index="0">
              <value>
                <![CDATA[1098020]]>
              </value>
            </param>
            <param index="1">
              <value>
                <![CDATA[Roda Amwaj Suites Jumeirah Beach Residence]]>
              </value>
            </param>
            <param index="2">
              <value>
                <![CDATA[Dubai]]>
              </value>
            </param>
            <param index="3">
              <value>
                <![CDATA[The Walk]]>
              </value>
            </param>
          </params>
          <reporter-output>
          </reporter-output>
        </test-method> <!-- loginTest -->
        <test-method signature="loginTest(java.lang.String, java.lang.String, java.lang.String, java.lang.String)[pri:0, instance:com.bookingJS.testCases.TC_SearchTest_001@3e6ef8ad]" started-at="2022-10-15T10:45:34Z" name="loginTest" data-provider="hotels" finished-at="2022-10-15T10:45:40Z" duration-ms="6803" status="PASS">
          <params>
            <param index="0">
              <value>
                <![CDATA[412338]]>
              </value>
            </param>
            <param index="1">
              <value>
                <![CDATA[Ramada Plaza Jumeirah Beach]]>
              </value>
            </param>
            <param index="2">
              <value>
                <![CDATA[Dubai]]>
              </value>
            </param>
            <param index="3">
              <value>
                <![CDATA[Bahar 7]]>
              </value>
            </param>
          </params>
          <reporter-output>
          </reporter-output>
        </test-method> <!-- loginTest -->
        <test-method signature="loginTest(java.lang.String, java.lang.String, java.lang.String, java.lang.String)[pri:0, instance:com.bookingJS.testCases.TC_SearchTest_001@3e6ef8ad]" started-at="2022-10-15T10:45:40Z" name="loginTest" data-provider="hotels" finished-at="2022-10-15T10:45:48Z" duration-ms="7274" status="PASS">
          <params>
            <param index="0">
              <value>
                <![CDATA[179356]]>
              </value>
            </param>
            <param index="1">
              <value>
                <![CDATA[Meriton Suites Kent Street]]>
              </value>
            </param>
            <param index="2">
              <value>
                <![CDATA[Sydney]]>
              </value>
            </param>
            <param index="3">
              <value>
                <![CDATA[528 Kent Street]]>
              </value>
            </param>
          </params>
          <reporter-output>
          </reporter-output>
        </test-method> <!-- loginTest -->
        <test-method signature="loginTest(java.lang.String, java.lang.String, java.lang.String, java.lang.String)[pri:0, instance:com.bookingJS.testCases.TC_SearchTest_001@3e6ef8ad]" started-at="2022-10-15T10:45:48Z" name="loginTest" data-provider="hotels" finished-at="2022-10-15T10:45:55Z" duration-ms="6899" status="PASS">
          <params>
            <param index="0">
              <value>
                <![CDATA[2356868]]>
              </value>
            </param>
            <param index="1">
              <value>
                <![CDATA[Marlin Waterloo]]>
              </value>
            </param>
            <param index="2">
              <value>
                <![CDATA[London]]>
              </value>
            </param>
            <param index="3">
              <value>
                <![CDATA[111 Westminster Bridge Road]]>
              </value>
            </param>
          </params>
          <reporter-output>
          </reporter-output>
        </test-method> <!-- loginTest -->
        <test-method signature="loginTest(java.lang.String, java.lang.String, java.lang.String, java.lang.String)[pri:0, instance:com.bookingJS.testCases.TC_SearchTest_001@3e6ef8ad]" started-at="2022-10-15T10:45:55Z" name="loginTest" data-provider="hotels" finished-at="2022-10-15T10:46:01Z" duration-ms="6802" status="PASS">
          <params>
            <param index="0">
              <value>
                <![CDATA[1374533]]>
              </value>
            </param>
            <param index="1">
              <value>
                <![CDATA[Hyatt Regency Creek Heights Residences]]>
              </value>
            </param>
            <param index="2">
              <value>
                <![CDATA[Dubai]]>
              </value>
            </param>
            <param index="3">
              <value>
                <![CDATA[Dubai Healthcare City]]>
              </value>
            </param>
          </params>
          <reporter-output>
          </reporter-output>
        </test-method> <!-- loginTest -->
        <test-method signature="loginTest(java.lang.String, java.lang.String, java.lang.String, java.lang.String)[pri:0, instance:com.bookingJS.testCases.TC_SearchTest_001@3e6ef8ad]" started-at="2022-10-15T10:46:01Z" name="loginTest" data-provider="hotels" finished-at="2022-10-15T10:46:08Z" duration-ms="6461" status="PASS">
          <params>
            <param index="0">
              <value>
                <![CDATA[123456]]>
              </value>
            </param>
            <param index="1">
              <value>
                <![CDATA[Leonardo]]>
              </value>
            </param>
            <param index="2">
              <value>
                <![CDATA[tel aviv]]>
              </value>
            </param>
            <param index="3">
              <value>
                <![CDATA[156 Hayarkon Street, Tel Aviv, 63451 ]]>
              </value>
            </param>
          </params>
          <reporter-output>
          </reporter-output>
        </test-method> <!-- loginTest -->
      </class> <!-- com.bookingJS.testCases.TC_SearchTest_001 -->
      <class name="com.bookingJS.testCases.TC_HotelTest_002">
        <test-method is-config="true" signature="setup(java.lang.String)[pri:0, instance:com.bookingJS.testCases.TC_HotelTest_002@346d61be]" started-at="2022-10-15T10:46:08Z" name="setup" finished-at="2022-10-15T10:46:09Z" duration-ms="1010" status="PASS">
          <params>
            <param index="0">
              <value>
                <![CDATA[chrome]]>
              </value>
            </param>
          </params>
          <reporter-output>
          </reporter-output>
        </test-method> <!-- setup -->
        <test-method signature="addAddressesCustomer()[pri:0, instance:com.bookingJS.testCases.TC_HotelTest_002@346d61be]" started-at="2022-10-15T10:46:09Z" name="addAddressesCustomer" finished-at="2022-10-15T10:48:35Z" duration-ms="146337" status="PASS">
          <reporter-output>
          </reporter-output>
        </test-method> <!-- addAddressesCustomer -->
      </class> <!-- com.bookingJS.testCases.TC_HotelTest_002 -->
    </test> <!-- BookingApp Test -->
  </suite> <!-- bookingJSV1 -->
</testng-results>
