<?xml version="1.0" encoding="UTF-8"?>
<!-- Generated by org.testng.reporters.JUnitXMLReporter -->
<testsuite ignored="0" hostname="LAPTOP-PBRMB58U" failures="0" tests="8" name="BookingApp Test" time="306.327" errors="0" timestamp="15 Oct 2022 10:50:26 GMT">
  <testcase classname="com.bookingJS.testCases.TC_SearchTest_001" name="loginTest" time="8.093"/>
  <testcase classname="com.bookingJS.testCases.TC_SearchTest_001" name="loginTest" time="6.803"/>
  <testcase classname="com.bookingJS.testCases.TC_SearchTest_001" name="loginTest" time="7.274"/>
  <testcase classname="com.bookingJS.testCases.TC_SearchTest_001" name="loginTest" time="6.899"/>
  <testcase classname="com.bookingJS.testCases.TC_SearchTest_001" name="loginTest" time="6.802"/>
  <testcase classname="com.bookingJS.testCases.TC_SearchTest_001" name="loginTest" time="6.461"/>
  <testcase classname="com.bookingJS.testCases.TC_HotelTest_002" name="addAddressesCustomer" time="146.337"/>
  <testcase classname="com.bookingJS.testCases.TC_DetailsHotelTest_003" name="detailsHotel" time="109.144"/>
</testsuite> <!-- BookingApp Test -->
