<?xml version="1.0" encoding="UTF-8"?>
<!-- Generated by org.testng.reporters.JUnitXMLReporter -->
<testsuite ignored="0" hostname="LAPTOP-PBRMB58U" failures="0" tests="8" name="BookingApp Test" time="65.669" errors="0" timestamp="20 Oct 2022 06:05:04 GMT">
  <testcase classname="com.bookingJS.testCases.TC_SearchTest_001" name="loginTest" time="16.317"/>
  <testcase classname="com.bookingJS.testCases.TC_SearchTest_001" name="loginTest" time="5.802"/>
  <testcase classname="com.bookingJS.testCases.TC_SearchTest_001" name="loginTest" time="15.741"/>
  <testcase classname="com.bookingJS.testCases.TC_SearchTest_001" name="loginTest" time="5.783"/>
  <testcase classname="com.bookingJS.testCases.TC_SearchTest_001" name="loginTest" time="5.81"/>
  <testcase classname="com.bookingJS.testCases.TC_SearchTest_001" name="loginTest" time="5.892"/>
  <testcase classname="com.bookingJS.testCases.TC_HotelTest_002" name="hotel" time="0.002"/>
  <testcase classname="com.bookingJS.testCases.TC_DetailsHotelTest_003" name="detailOfHotel" time="0.0"/>
</testsuite> <!-- BookingApp Test -->
